<?xml version="1.0" encoding="UTF-8"?>
<!-- Generated by org.testng.reporters.JUnitXMLReporter -->
<testsuite ignored="0" hostname="MacBook-Air-de-Luis.local" failures="1" tests="5" name="Integration Test" time="42.276" errors="0" timestamp="2020-09-14T21:27:44 PET">
  <testcase classname="pe.edu.galaxy.Invoice" name="goToSingIn" time="7.014"/>
  <testcase classname="pe.edu.galaxy.Invoice" name="setCredential" time="3.485"/>
  <testcase classname="pe.edu.galaxy.Invoice" name="salePekosita" time="5.402">
    <failure type="java.lang.AssertionError" message="expected:&amp;lt;SUNAT: El dato ingresado como unidad de medida no corresponde al valor esperado - Detalle: xxx.xxx.xxx value=&amp;apos;ticket: 1600110682097 error: : 2936: Valor no se encuentra en el catalogo: 03 (nodo: &amp;quot;cbc:InvoicedQuantity/unitCode&amp;quot; valor: &amp;quot;UND&amp;quot;)&amp;apos;&amp;gt; but was:&amp;lt;SUNAT: El dato ingresado como unidad de medida no corresponde al valor esperado - Detalle: xxx.xxx.xxx value=&amp;apos;ticket: 1600136466505 error: : 2936: Valor no se encuentra en el catalogo: 03 (nodo: &amp;quot;cbc:InvoicedQuantity/unitCode&amp;quot; valor: &amp;quot;UND&amp;quot;)&amp;apos;&amp;gt;">
      <![CDATA[java.lang.AssertionError: expected:<SUNAT: El dato ingresado como unidad de medida no corresponde al valor esperado - Detalle: xxx.xxx.xxx value='ticket: 1600110682097 error: : 2936: Valor no se encuentra en el catalogo: 03 (nodo: "cbc:InvoicedQuantity/unitCode" valor: "UND")'> but was:<SUNAT: El dato ingresado como unidad de medida no corresponde al valor esperado - Detalle: xxx.xxx.xxx value='ticket: 1600136466505 error: : 2936: Valor no se encuentra en el catalogo: 03 (nodo: "cbc:InvoicedQuantity/unitCode" valor: "UND")'>
at pe.edu.galaxy.Invoice.salePekosita(Invoice.java:86)
at java.base/java.util.ArrayList.forEach(ArrayList.java:1511)
... Removed 29 stack frames]]>
    </failure>
  </testcase> <!-- salePekosita -->
  <testcase classname="pe.edu.galaxy.Annotations" name="test" time="0.001"/>
  <testcase classname="pe.edu.galaxy.Annotations" name="test2" time="0.002"/>
</testsuite> <!-- Integration Test -->
