<?xml version="1.0" encoding="UTF-8"?>
<!-- Generated by org.testng.reporters.JUnitXMLReporter -->
<testsuite ignored="0" hostname="MacBook-Air-de-Luis.local" failures="0" tests="7" name="Regression Test" time="63.261" errors="0" timestamp="2020-09-14T21:27:02 PET">
  <testcase classname="pe.edu.galaxy.Annotations" name="test" time="0.011"/>
  <testcase classname="pe.edu.galaxy.Annotations" name="test2" time="0.003"/>
  <testcase classname="pe.edu.galaxy.Shopping" name="getLisProducts" time="0.118"/>
  <testcase classname="pe.edu.galaxy.Shopping" name="addFirstItem" time="11.888"/>
  <testcase classname="pe.edu.galaxy.Shopping" name="addMoreItem" time="14.644"/>
  <testcase classname="pe.edu.galaxy.Shopping" name="shippingAddress" time="8.092"/>
  <testcase classname="pe.edu.galaxy.Shopping" name="completeOrder" time="5.928"/>
</testsuite> <!-- Regression Test -->
