<?xml version="1.0" encoding="UTF-8"?>
<!-- Generated by org.testng.reporters.JUnitXMLReporter -->
<testsuite ignored="0" hostname="MacBook-Air-de-Luis.local" failures="0" tests="5" name="Default test" time="47.809" errors="0" timestamp="2020-09-15T20:12:57 PET">
  <testcase classname="pe.edu.galaxy.Shopping" name="getLisProducts" time="0.085"/>
  <testcase classname="pe.edu.galaxy.Shopping" name="addFirstItem" time="8.541"/>
  <testcase classname="pe.edu.galaxy.Shopping" name="addMoreItem" time="13.763"/>
  <testcase classname="pe.edu.galaxy.Shopping" name="shippingAddress" time="7.637"/>
  <testcase classname="pe.edu.galaxy.Shopping" name="completeOrder" time="4.211"/>
</testsuite> <!-- Default test -->
