<?xml version="1.0" encoding="UTF-8"?>
<!-- Generated by org.testng.reporters.JUnitXMLReporter -->
<testsuite ignored="0" hostname="MacBook-Air-de-Luis.local" failures="0" tests="5" name="Default test" time="51.7" errors="0" timestamp="2020-09-14T16:50:10 PET">
  <testcase classname="pe.edu.galaxy.Shopping" name="getLisProducts" time="0.135"/>
  <testcase classname="pe.edu.galaxy.Shopping" name="addFirstItem" time="8.835"/>
  <testcase classname="pe.edu.galaxy.Shopping" name="addMoreItem" time="13.973"/>
  <testcase classname="pe.edu.galaxy.Shopping" name="shippingAddress" time="6.93"/>
  <testcase classname="pe.edu.galaxy.Shopping" name="completeOrder" time="4.553"/>
</testsuite> <!-- Default test -->
