<?xml version="1.0" encoding="UTF-8"?>
<!-- Generated by org.testng.reporters.JUnitXMLReporter -->
<testsuite ignored="0" hostname="MacBook-Air-de-Luis.local" failures="0" tests="7" name="Regression Test" time="61.299" errors="0" timestamp="2020-09-14T23:34:28 PET">
  <testcase classname="pe.edu.galaxy.Annotations" name="test" time="0.001"/>
  <testcase classname="pe.edu.galaxy.Annotations" name="test2" time="0.0"/>
  <testcase classname="pe.edu.galaxy.Shopping" name="getLisProducts" time="0.13"/>
  <testcase classname="pe.edu.galaxy.Shopping" name="addFirstItem" time="11.222"/>
  <testcase classname="pe.edu.galaxy.Shopping" name="addMoreItem" time="17.566"/>
  <testcase classname="pe.edu.galaxy.Shopping" name="shippingAddress" time="7.254"/>
  <testcase classname="pe.edu.galaxy.Shopping" name="completeOrder" time="4.031"/>
</testsuite> <!-- Regression Test -->
