<?xml version="1.0" encoding="UTF-8"?>
<testsuite xmlns:xsi="http://www.w3.org/2001/XMLSchema-instance" xsi:noNamespaceSchemaLocation="https://maven.apache.org/surefire/maven-surefire-plugin/xsd/surefire-test-report-3.0.xsd" version="3.0" name="TestSuite" time="99.172" tests="12" errors="0" skipped="0" failures="1">
  <properties>
[...]
</properties>
  <testcase name="test" classname="pe.edu.galaxy.Annotations" time="0.003">
    <system-out><![CDATA[@BeforeSuite
@BeforeTest
@BeforeClass
@BeforeMethod
Test
]]></system-out>
  </testcase>
  <testcase name="test" classname="pe.edu.galaxy.Annotations" time="0">
    <system-out><![CDATA[@BeforeClass
@BeforeMethod
Test
]]></system-out>
    <system-err><![CDATA[1600144503574	Marionette	INFO	Stopped listening on port 61431
]]></system-err>
  </testcase>
  <testcase name="test2" classname="pe.edu.galaxy.Annotations" time="0.001">
    <system-out><![CDATA[@AfterMethod
@BeforeMethod
Test2
]]></system-out>
  </testcase>
  <testcase name="test2" classname="pe.edu.galaxy.Annotations" time="0">
    <system-out><![CDATA[@AfterMethod
@BeforeMethod
Test2
]]></system-out>
  </testcase>
  <testcase name="getLisProducts" classname="pe.edu.galaxy.Shopping" time="0.09">
    <system-out><![CDATA[@AfterMethod
@AfterClass
Number of Productos:3
]]></system-out>
    <system-err><![CDATA[Starting ChromeDriver 84.0.4147.30 (48b3e868b4cc0aa7e8149519690b6f6949e110a8-refs/branch-heads/4147@{#310}) on port 39358
Only local connections are allowed.
Please see https://chromedriver.chromium.org/security-considerations for suggestions on keeping ChromeDriver safe.
ChromeDriver was started successfully.
[1600144416.181][WARNING]: This version of ChromeDriver has not been tested with Chrome version 85.
set. 14, 2020 11:33:37 P. M. org.openqa.selenium.remote.ProtocolHandshake createSession
INFO: Detected dialect: W3C
]]></system-err>
  </testcase>
  <testcase name="addFirstItem" classname="pe.edu.galaxy.Shopping" time="11.22"/>
  <testcase name="addMoreItem" classname="pe.edu.galaxy.Shopping" time="17.575"/>
  <testcase name="shippingAddress" classname="pe.edu.galaxy.Shopping" time="7.251"/>
  <testcase name="completeOrder" classname="pe.edu.galaxy.Shopping" time="4.032"/>
  <testcase name="goToSingIn" classname="pe.edu.galaxy.Invoice" time="5.984">
    <system-out><![CDATA[@AfterTest
@BeforeTest
]]></system-out>
    <system-err><![CDATA[1600144468999	mozrunner::runner	INFO	Running command: "/Applications/Firefox.app/Contents/MacOS/firefox-bin" "-marionette" "-foreground" "-no-remote" "-profile" "/var/folders/24/_qgc86tj2gz95z0lbd787wph0000gn/T/rust_mozprofileBJYXN3"
console.error: SearchCache: "_readCacheFile: Error reading cache file:" (new Error("", "(unknown module)"))
1600144479643	Marionette	INFO	Listening on port 61431
1600144479683	Marionette	WARN	TLS certificate errors will be ignored for this session
set. 14, 2020 11:34:39 P. M. org.openqa.selenium.remote.ProtocolHandshake createSession
INFO: Detected dialect: W3C
JavaScript error: resource://gre/modules/URIFixup.jsm, line 271: NS_ERROR_FAILURE: Should pass a non-null uri
JavaScript warning: http://mypefact.com/, line 530: unreachable code after return statement
JavaScript warning: http://mypefact.com/, line 538: unreachable code after return statement
JavaScript warning: http://mypefact.com/, line 546: unreachable code after return statement
JavaScript warning: http://mypefact.com/, line 530: unreachable code after return statement
]]></system-err>
  </testcase>
  <testcase name="setCredential" classname="pe.edu.galaxy.Invoice" time="3.331">
    <system-err><![CDATA[JavaScript error: resource://gre/modules/XULStore.jsm, line 66: Error: Can't find profile directory.
JavaScript error: resource://gre/modules/XULStore.jsm, line 66: Error: Can't find profile directory.
]]></system-err>
  </testcase>
  <testcase name="salePekosita" classname="pe.edu.galaxy.Invoice" time="5.232">
    <failure message="expected:&lt;SUNAT: El dato ingresado como unidad de medida no corresponde al valor esperado - Detalle: xxx.xxx.xxx value=&apos;ticket: 1600110682097 error: : 2936: Valor no se encuentra en el catalogo: 03 (nodo: &quot;cbc:InvoicedQuantity/unitCode&quot; valor: &quot;UND&quot;)&apos;&gt; but was:&lt;SUNAT: El dato ingresado como unidad de medida no corresponde al valor esperado - Detalle: xxx.xxx.xxx value=&apos;ticket: 1600144105981 error: : 2936: Valor no se encuentra en el catalogo: 03 (nodo: &quot;cbc:InvoicedQuantity/unitCode&quot; valor: &quot;UND&quot;)&apos;&gt;" type="java.lang.AssertionError"><![CDATA[java.lang.AssertionError: expected:<SUNAT: El dato ingresado como unidad de medida no corresponde al valor esperado - Detalle: xxx.xxx.xxx value='ticket: 1600110682097 error: : 2936: Valor no se encuentra en el catalogo: 03 (nodo: "cbc:InvoicedQuantity/unitCode" valor: "UND")'> but was:<SUNAT: El dato ingresado como unidad de medida no corresponde al valor esperado - Detalle: xxx.xxx.xxx value='ticket: 1600144105981 error: : 2936: Valor no se encuentra en el catalogo: 03 (nodo: "cbc:InvoicedQuantity/unitCode" valor: "UND")'>
	at pe.edu.galaxy.Invoice.salePekosita(Invoice.java:86)
]]></failure>
  </testcase>
</testsuite>