<?xml version="1.0" encoding="UTF-8"?>
<testng-results ignored="0" total="5" passed="5" failed="0" skipped="0">
  <reporter-output>
  </reporter-output>
  <suite started-at="2020-09-15T20:12:09 PET" name="Default suite" finished-at="2020-09-15T20:12:57 PET" duration-ms="47809">
    <groups>
    </groups>
    <test started-at="2020-09-15T20:12:09 PET" name="Default test" finished-at="2020-09-15T20:12:57 PET" duration-ms="47809">
      <class name="pe.edu.galaxy.Shopping">
        <test-method is-config="true" signature="beforeClass()[pri:0, instance:pe.edu.galaxy.Shopping@4034c28c]" started-at="2020-09-15T20:12:09 PET" name="beforeClass" finished-at="2020-09-15T20:12:17 PET" duration-ms="8176" status="PASS">
          <reporter-output>
          </reporter-output>
        </test-method> <!-- beforeClass -->
        <test-method signature="getLisProducts()[pri:1, instance:pe.edu.galaxy.Shopping@4034c28c]" started-at="2020-09-15T20:12:17 PET" name="getLisProducts" finished-at="2020-09-15T20:12:17 PET" duration-ms="85" status="PASS">
          <reporter-output>
          </reporter-output>
        </test-method> <!-- getLisProducts -->
        <test-method signature="addFirstItem()[pri:2, instance:pe.edu.galaxy.Shopping@4034c28c]" started-at="2020-09-15T20:12:17 PET" name="addFirstItem" finished-at="2020-09-15T20:12:26 PET" duration-ms="8541" status="PASS">
          <reporter-output>
          </reporter-output>
        </test-method> <!-- addFirstItem -->
        <test-method signature="addMoreItem()[pri:3, instance:pe.edu.galaxy.Shopping@4034c28c]" started-at="2020-09-15T20:12:26 PET" name="addMoreItem" finished-at="2020-09-15T20:12:40 PET" duration-ms="13763" status="PASS">
          <reporter-output>
          </reporter-output>
        </test-method> <!-- addMoreItem -->
        <test-method signature="shippingAddress()[pri:4, instance:pe.edu.galaxy.Shopping@4034c28c]" started-at="2020-09-15T20:12:40 PET" name="shippingAddress" finished-at="2020-09-15T20:12:47 PET" duration-ms="7637" status="PASS">
          <reporter-output>
          </reporter-output>
        </test-method> <!-- shippingAddress -->
        <test-method signature="completeOrder()[pri:5, instance:pe.edu.galaxy.Shopping@4034c28c]" started-at="2020-09-15T20:12:47 PET" name="completeOrder" finished-at="2020-09-15T20:12:52 PET" duration-ms="4211" status="PASS">
          <reporter-output>
          </reporter-output>
        </test-method> <!-- completeOrder -->
        <test-method is-config="true" signature="afterClass()[pri:0, instance:pe.edu.galaxy.Shopping@4034c28c]" started-at="2020-09-15T20:12:52 PET" name="afterClass" finished-at="2020-09-15T20:12:57 PET" duration-ms="5265" status="PASS">
          <reporter-output>
          </reporter-output>
        </test-method> <!-- afterClass -->
      </class> <!-- pe.edu.galaxy.Shopping -->
    </test> <!-- Default test -->
  </suite> <!-- Default suite -->
</testng-results>
